
up to date, audited 151 packages in 8s

4 packages are looking for funding
  run `npm fund` for details

8 vulnerabilities (2 low, 1 moderate, 4 high, 1 critical)

To address issues that do not require attention, run:
  npm audit fix

To address all issues (including breaking changes), run:
  npm audit fix --force

Run `npm audit` for details.
[32m12 09 2021 19:50:23.486:INFO [karma-server]: [39mKarma v4.4.1 server started at http://0.0.0.0:9876/
[32m12 09 2021 19:50:23.488:INFO [launcher]: [39mLaunching browsers Chrome with concurrency unlimited
[32m12 09 2021 19:50:23.491:INFO [launcher]: [39mStarting browser Chrome
[32m12 09 2021 19:50:23.853:INFO [Chrome 93.0.4577 (Linux 0.0.0)]: [39mConnected on socket gDbzLGUlth9Z1RV5AAAA with id 29576768
DEBUG LOG: [36m'EmeEncryptionSchemePolyfill: Waiting to detect encryptionScheme support.'[39m
DEBUG LOG: [36m'McEncryptionSchemePolyfill: Waiting to detect encryptionScheme support.'[39m

  Shaka Streamer
    [32m✓ [39mfails when extra fields are present
    [32m✓ [39mfails when media_type is missing
    [32m✓ [39mfails when missing fields cannot be autodetected
    [32m✓ [39mfails when frame_rate is not a number
    [32m✓ [39mfails when resolution is unrecognized
    [32m✓ [39mfails when track_num is not an int
    [32m✓ [39mfails when start_time/end_time used with non-file inputs
    [32m✓ [39mfails when filters is not a list of strings
    [32m✓ [39mfails when segment_per_file is false for live
    [32m✓ [39mfails when content_id is not a hex string
    [32m✓ [39mfails when both "inputs" and "multiperiod_inputs_list" are given
    [32m✓ [39mfails when neither "inputs" nor "multiperiod_inputs_list" is given
    [32m✓ [39mfails when segment_per_file is false with a HTTP url output
    [32m✓ [39mfails when multiperiod_inputs_list is used with a HTTP url output
    [32m✓ [39mfails when utc_timing is not set for low_latency_dash_mode
    [32m✓ [39mfails when low_latency_dash_mode is set without a DASH manifest
    [32m✓ [39mhas output resolutions matching the resolutions in config (hls)
    [32m✓ [39mhas output resolutions matching the resolutions in config (dash)
