ffmpeg started on 2021-09-12 at 19:51:30
Report written to "TranscoderNode-0.log"
Log level: 32
Command line:
/home/omar/.local/lib/python3.8/site-packages/streamer_binaries/ffmpeg-linux-x64 -y -loglevel error -to 0:01 -i test_assets/BigBuckBunny.1080p.mp4 -map 0:v:0 -preset slow -flags +loop -profile:v high -pix_fmt yuv420p -flags +cgop -an -c:v h264 -b:v 4M -f mp4 -movflags +frag_keyframe -frag_duration 4000000.0 -keyint_min 120 -g 120 -vf "scale=-2:1080,setsar=1:1" /tmp/shaka-live-05z3jwu2/9c035834-19cd-45a9-b9ea-8d4231649eaa -map 0:v:0 -preset slow -flags +loop -profile:v high -pix_fmt yuv420p -flags +cgop -an -c:v h264 -b:v 2M -f mp4 -movflags +frag_keyframe -frag_duration 4000000.0 -keyint_min 120 -g 120 -vf "scale=-2:720,setsar=1:1" /tmp/shaka-live-05z3jwu2/3090d599-118b-4b29-bd1b-111c17e45ddf -map 0:v:0 -preset slow -flags +loop -profile:v main -pix_fmt yuv420p -flags +cgop -an -c:v h264 -b:v 1M -f mp4 -movflags +frag_keyframe -frag_duration 4000000.0 -keyint_min 120 -g 120 -vf "scale=-2:480,setsar=1:1" /tmp/shaka-live-05z3jwu2/a6ffdbef-b742-4701-abd5-16e4b89f03ad -map 0:v:0 -preset slow -flags +loop -profile:v main -pix_fmt yuv420p -flags +cgop -an -c:v h264 -b:v 242k -f mp4 -movflags +frag_keyframe -frag_duration 4000000.0 -keyint_min 120 -g 120 -vf "scale=-2:240,setsar=1:1" /tmp/shaka-live-05z3jwu2/3f069806-d5e4-4fb9-83b5-21a52a3f0f1f -map 0:v:0 -preset slow -flags +loop -profile:v main -pix_fmt yuv420p -flags +cgop -an -c:v h264 -b:v 108k -f mp4 -movflags +frag_keyframe -frag_duration 4000000.0 -keyint_min 120 -g 120 -vf "scale=-2:144,setsar=1:1" /tmp/shaka-live-05z3jwu2/65080055-a6e8-4dc0-ac0d-f1a7c16280b1
ffmpeg version n4.4 Copyright (c) 2000-2021 the FFmpeg developers
  built with gcc 9 (Ubuntu 9.3.0-17ubuntu1~20.04)
  configuration: --pkg-config-flags=--static --disable-ffplay --enable-libvpx --enable-libaom --enable-libx264 --enable-libx265 --enable-libmp3lame --enable-libopus --enable-runtime-cpudetect --enable-gpl --enable-version3 --enable-static --enable-nvenc --enable-vdpau
  libavutil      56. 70.100 / 56. 70.100
  libavcodec     58.134.100 / 58.134.100
  libavformat    58. 76.100 / 58. 76.100
  libavdevice    58. 13.100 / 58. 13.100
  libavfilter     7.110.100 /  7.110.100
  libswscale      5.  9.100 /  5.  9.100
  libswresample   3.  9.100 /  3.  9.100
  libpostproc    55.  9.100 / 55.  9.100
Input #0, mov,mp4,m4a,3gp,3g2,mj2, from 'test_assets/BigBuckBunny.1080p.mp4':
  Metadata:
    major_brand     : isom
    minor_version   : 512
    compatible_brands: isomiso2avc1mp41
    title           : Big Buck Bunny, Sunflower version
    artist          : Blender Foundation 2008, Janus Bager Kristensen 2013
    composer        : Sacha Goedegebure
    encoder         : Lavf58.20.100
    comment         : Creative Commons Attribution 3.0 - http://bbb3d.renderfarming.net
    genre           : Animation
  Duration: 00:00:10.00, start: 0.000000, bitrate: 102 kb/s
  Stream #0:0(und): Video: h264 (High) (avc1 / 0x31637661), yuv420p, 1920x1080 [SAR 1:1 DAR 16:9], 98 kb/s, 30 fps, 30 tbr, 15360 tbn, 60 tbc (default)
    Metadata:
      handler_name    : GPAC ISO Video Handler
      vendor_id       : [0][0][0][0]
